<?xml version="1.0" encoding="UTF-8"?>
<robot generator="Robot 4.1 (Python 3.8.2 on darwin)" generated="20210923 11:49:50.303" rpa="false" schemaversion="2">
<suite id="s1" name="Prueba" source="/Users/usuario/MG/650 Test Falabella/appium/Test/prueba.robot">
<test id="s1-t1" name="OpenApp">
<kw name="Open Application" library="AppiumLibrary">
<arg>${url}</arg>
<arg>platformName=${platf}</arg>
<arg>deviceName=${device}</arg>
<arg>appPackage=${package}</arg>
<arg>appActivity=${activity_name}</arg>
<doc>Opens a new application to given Appium server.
Capabilities of appium server, Android and iOS,
Please check https://github.com/appium/appium/blob/master/docs/en/writing-running-appium/server-args.md
| *Option*            | *Man.* | *Description*     |
| remote_url          | Yes    | Appium server url |
| alias               | no     | alias             |</doc>
<status status="PASS" starttime="20210923 11:49:50.564" endtime="20210923 11:49:57.224"/>
</kw>
<kw name="Wait Until Page Contains Element" library="AppiumLibrary">
<arg>${omitir}</arg>
<arg>timeout=20s</arg>
<doc>Waits until element specified with `locator` appears on current page.</doc>
<status status="PASS" starttime="20210923 11:49:57.225" endtime="20210923 11:49:58.519"/>
</kw>
<kw name="Click Element" library="AppiumLibrary">
<arg>${omitir}</arg>
<doc>Click element identified by `locator`.</doc>
<msg timestamp="20210923 11:49:58.522" level="INFO">Clicking element 'com.mercadolibre:id/home_onboarding_action_skip_text_view'.</msg>
<status status="PASS" starttime="20210923 11:49:58.520" endtime="20210923 11:49:58.608"/>
</kw>
<kw name="Wait Until Page Contains Element" library="AppiumLibrary">
<arg>${buscar}</arg>
<doc>Waits until element specified with `locator` appears on current page.</doc>
<status status="PASS" starttime="20210923 11:49:58.608" endtime="20210923 11:50:00.624"/>
</kw>
<kw name="Click Element" library="AppiumLibrary">
<arg>${buscar}</arg>
<doc>Click element identified by `locator`.</doc>
<msg timestamp="20210923 11:50:00.626" level="INFO">Clicking element 'xpath=//*[@resource-id="com.mercadolibre:id/ui_components_action_bar_title_toolbar"]'.</msg>
<status status="PASS" starttime="20210923 11:50:00.624" endtime="20210923 11:50:00.806"/>
</kw>
<kw name="Wait Until Page Contains Element" library="AppiumLibrary">
<arg>${bscMueble}</arg>
<doc>Waits until element specified with `locator` appears on current page.</doc>
<status status="PASS" starttime="20210923 11:50:00.807" endtime="20210923 11:50:01.138"/>
</kw>
<kw name="Input Text" library="AppiumLibrary">
<arg>${bscMueble}</arg>
<arg>mueble</arg>
<doc>Types the given `text` into text field identified by `locator`.</doc>
<msg timestamp="20210923 11:50:01.142" level="INFO">Typing text 'mueble' into text field 'xpath=//*[contains(@text,'Buscar en Mercado Libre')]'</msg>
<status status="PASS" starttime="20210923 11:50:01.139" endtime="20210923 11:50:02.993"/>
</kw>
<kw name="Press Keycode" library="AppiumLibrary">
<arg>66</arg>
<doc>Sends a press of keycode to the device.</doc>
<status status="PASS" starttime="20210923 11:50:02.994" endtime="20210923 11:50:04.917"/>
</kw>
<kw name="Sleep" library="BuiltIn">
<arg>20s</arg>
<doc>Pauses the test executed for the given time.</doc>
<msg timestamp="20210923 11:50:24.919" level="INFO">Slept 20 seconds</msg>
<status status="PASS" starttime="20210923 11:50:04.917" endtime="20210923 11:50:24.919"/>
</kw>
<kw name="Close All Applications" library="AppiumLibrary">
<doc>Closes all open applications.</doc>
<status status="PASS" starttime="20210923 11:50:24.919" endtime="20210923 11:50:25.520"/>
</kw>
<status status="PASS" starttime="20210923 11:49:50.563" endtime="20210923 11:50:25.521"/>
</test>
<status status="PASS" starttime="20210923 11:49:50.305" endtime="20210923 11:50:25.522"/>
</suite>
<statistics>
<total>
<stat pass="1" fail="0" skip="0">All Tests</stat>
</total>
<tag>
</tag>
<suite>
<stat pass="1" fail="0" skip="0" id="s1" name="Prueba">Prueba</stat>
</suite>
</statistics>
<errors>
</errors>
</robot>
